INFO-FLOW: Workspace /home/dnd29/3D_redering_DDY/project/out.prj/solution1 opened at Mon Jul 13 07:45:16 EDT 2020
Execute     set_part xcvu9p-fsgd2104-2-i 
Execute       ap_part_info -name xcvu9p-fsgd2104-2-i -data single -quiet 
Command       ap_part_info done; 3.42 sec.
Execute       ap_part_info -name xcvu9p-fsgd2104-2-i -data info 
Execute       add_library xilinx/virtexuplus/virtexuplus:xcvu9p:-fsgd2104:-2-i 
Execute         get_default_platform 
Execute         open_platform DefaultPlatform 
Execute         import_lib /work/shared/common/Xilinx/Vivado/2019.2/common/technology/xilinx/virtexuplus/virtexuplus 
Execute           source /work/shared/common/Xilinx/Vivado/2019.2/common/technology/xilinx/common/xilinx.lib 
Execute             source /work/shared/common/Xilinx/Vivado/2019.2/common/technology/xilinx/interface/xilinx_interface.lib 
Execute               source /work/shared/common/Xilinx/Vivado/2019.2/common/technology/xilinx/interface/plb46.lib 
Execute               source /work/shared/common/Xilinx/Vivado/2019.2/common/technology/xilinx/interface/fsl.lib 
Execute               source /work/shared/common/Xilinx/Vivado/2019.2/common/technology/xilinx/interface/axi4.lib 
Execute               source /work/shared/common/Xilinx/Vivado/2019.2/common/technology/xilinx/interface/maxi.lib 
Execute               source /work/shared/common/Xilinx/Vivado/2019.2/common/technology/xilinx/interface/saxilite.lib 
Execute             source /work/shared/common/Xilinx/Vivado/2019.2/common/technology/xilinx/common/dsp48.lib 
Execute             source /work/shared/common/Xilinx/Vivado/2019.2/common/technology/xilinx/ip/xfft.lib 
Execute             source /work/shared/common/Xilinx/Vivado/2019.2/common/technology/xilinx/ip/xfir.lib 
Execute             source /work/shared/common/Xilinx/Vivado/2019.2/common/technology/xilinx/ip/dds_compiler.lib 
Execute           source /work/shared/common/Xilinx/Vivado/2019.2/common/technology/xilinx/common/xilinx.hlp 
Execute             source /work/shared/common/Xilinx/Vivado/2019.2/common/technology/xilinx/common/target_info.tcl 
Execute             source /work/shared/common/Xilinx/Vivado/2019.2/common/technology/xilinx/interface/xilinx_interface.hlp 
Execute               source /work/shared/common/Xilinx/Vivado/2019.2/common/technology/xilinx/interface/maxi.hlp 
Execute               source /work/shared/common/Xilinx/Vivado/2019.2/common/technology/xilinx/interface/saxilite.hlp 
Execute             source /work/shared/common/Xilinx/Vivado/2019.2/common/technology/xilinx/common/dsp48.hlp 
Execute           source /work/shared/common/Xilinx/Vivado/2019.2/common/technology/xilinx/virtexuplus/dsp48e2.hlp 
Execute           source /work/shared/common/Xilinx/Vivado/2019.2/common/technology/xilinx/common/xilinx.hlp 
Execute             source /work/shared/common/Xilinx/Vivado/2019.2/common/technology/xilinx/common/target_info.tcl 
Execute             source /work/shared/common/Xilinx/Vivado/2019.2/common/technology/xilinx/interface/xilinx_interface.hlp 
Execute               source /work/shared/common/Xilinx/Vivado/2019.2/common/technology/xilinx/interface/maxi.hlp 
Execute               source /work/shared/common/Xilinx/Vivado/2019.2/common/technology/xilinx/interface/saxilite.hlp 
Execute             source /work/shared/common/Xilinx/Vivado/2019.2/common/technology/xilinx/common/dsp48.hlp 
Execute         source /work/shared/common/Xilinx/Vivado/2019.2/common/technology/xilinx/virtexuplus/virtexuplus.gen 
Execute           source /work/shared/common/Xilinx/Vivado/2019.2/common/technology/xilinx/common/xilinx.gen 
Execute             source /work/shared/common/Xilinx/Vivado/2019.2/common/technology/xilinx/interface/plb46.gen 
Execute             source /work/shared/common/Xilinx/Vivado/2019.2/common/technology/xilinx/interface/fsl.gen 
Execute             source /work/shared/common/Xilinx/Vivado/2019.2/common/technology/xilinx/interface/axi4.gen 
Execute             source /work/shared/common/Xilinx/Vivado/2019.2/common/technology/xilinx/interface/nativeAXI4.gen 
Execute               source /work/shared/common/Xilinx/Vivado/2019.2/common/technology/xilinx/interface/saxilite.gen 
Execute               source /work/shared/common/Xilinx/Vivado/2019.2/common/technology/xilinx/interface/maxi.gen 
Execute             source /work/shared/common/Xilinx/Vivado/2019.2/common/technology/xilinx/scripts/xilinxcoregen.gen 
Execute             source /work/shared/common/Xilinx/Vivado/2019.2/common/technology/xilinx/interface/XilEDKCoreGen.gen 
Execute             source /work/shared/common/Xilinx/Vivado/2019.2/common/technology/xilinx/ip/dds_compiler.gen 
Execute             source /work/shared/common/Xilinx/Vivado/2019.2/common/technology/xilinx/ip/util.gen 
Execute             source /work/shared/common/Xilinx/Vivado/2019.2/common/technology/xilinx/ip/xfft.gen 
Execute             source /work/shared/common/Xilinx/Vivado/2019.2/common/technology/xilinx/ip/xfir.gen 
Execute             source /work/shared/common/Xilinx/Vivado/2019.2/common/technology/xilinx/common/dsp48.gen 
Command           ap_source done; 0.11 sec.
Command         ap_source done; 0.11 sec.
Execute         ap_part_info -data single -name xcvu9p-fsgd2104-2-i 
Execute         ap_part_info -name xcvu9p-fsgd2104-2-i -data resources 
Execute         ap_part_info -name xcvu9p-fsgd2104-2-i -data info 
Execute         ap_part_info -name xcvu9p-fsgd2104-2-i -data info 
Execute         config_chip_info -quiet -resource {SLICE 147780} {LUT 1182240} {FF 2364480} {DSP48E 6840} {BRAM 4320} {URAM 960} {SLR 3} 
Execute         ap_part_info -name xcvu9p-fsgd2104-2-i -data info 
Execute         config_chip_info -quiet -speed medium 
Command       add_library done; 0.18 sec.
Execute       add_library xilinx/virtexuplus/virtexuplus_fpv7 
Execute         get_default_platform 
Execute         open_platform DefaultPlatform 
Execute         import_lib /work/shared/common/Xilinx/Vivado/2019.2/common/technology/xilinx/virtexuplus/virtexuplus_fpv7 
Execute           source /work/shared/common/Xilinx/Vivado/2019.2/common/technology/xilinx/common/xilinx_fp.lib 
Execute           source /work/shared/common/Xilinx/Vivado/2019.2/common/technology/xilinx/common/xilinx_fp.hlp 
Execute             source /work/shared/common/Xilinx/Vivado/2019.2/common/technology/xilinx/common/xilinx.hlp 
Execute               source /work/shared/common/Xilinx/Vivado/2019.2/common/technology/xilinx/common/target_info.tcl 
Execute               source /work/shared/common/Xilinx/Vivado/2019.2/common/technology/xilinx/interface/xilinx_interface.hlp 
Execute                 source /work/shared/common/Xilinx/Vivado/2019.2/common/technology/xilinx/interface/maxi.hlp 
Execute                 source /work/shared/common/Xilinx/Vivado/2019.2/common/technology/xilinx/interface/saxilite.hlp 
Execute               source /work/shared/common/Xilinx/Vivado/2019.2/common/technology/xilinx/common/dsp48.hlp 
Execute         source /work/shared/common/Xilinx/Vivado/2019.2/common/technology/xilinx/virtexuplus/virtexuplus_fpv7.gen 
Execute           source /work/shared/common/Xilinx/Vivado/2019.2/common/technology/xilinx/common/xilinx_fp.gen 
INFO: [HLS 200-10] Setting target device to 'xcvu9p-fsgd2104-2-i'
Execute       ap_part_info -name xcvu9p-fsgd2104-2-i -data info 
Execute       get_default_platform 
Command     set_part done; 3.72 sec.
Execute     create_clock -period 10 
Execute       config_clock -quiet -name default -period 10 -default=false 
INFO: [SYN 201-201] Setting up clock 'default' with a period of 10ns.
Execute     set_directive_dataflow rendering 
INFO-FLOW: Setting directive 'DATAFLOW' 
Execute     csynth_design 
Execute       get_config_compile -dump_cfg 
Execute       get_config_compile -effort 
Execute       get_config_compile -enable_clang39 
Execute       get_config_compile -g 
Execute       get_config_compile -ng 
Execute       get_config_compile -opt_fp 
Execute       get_config_compile -skip_cdt 
Execute       get_config_compile -skip_syncheck 
Execute       get_config_compile -skip_transform 
Execute       get_config_compile -keep_printf 
Execute       elaborate -effort=medium -skip_syncheck=0 -keep_printf=0 -skip_cdt=0 -skip_transform=0 -ng=0 -g=0 -opt_fp=0 -from_csynth_design=1 
Execute         get_config_schedule -relax_ii_for_timing 
INFO: [SCHED 204-61] Option 'relax_ii_for_timing' is enabled, will increase II to preserve clock frequency constraints.
Execute         get_config_schedule -suppress_dependence_error_break 
INFO: [HLS 200-10] Analyzing design file 'kernel.cpp' ... 
INFO-FLOW: Compiling one TU...
Execute         is_m_axi_addr64 
INFO-FLOW: Handling kernel.cpp as C++
Execute         ap_part_info -name xcvu9p-fsgd2104-2-i -data info 
Execute         is_encrypted kernel.cpp 
Execute         ap_part_info -name xcvu9p-fsgd2104-2-i -data info 
INFO-FLOW: Running: GCC PP
INFO-FLOW: Source preprocessing
Execute         clang  -fno-limit-debug-info -gcc-toolchain "/work/shared/common/Xilinx/Vivado/2019.2/lnx64/tools/gcc" -hls  -fno-exceptions  -D__llvm__  -E "kernel.cpp"     -fno-math-errno -c -emit-llvm -O0  -mllvm -disable-llvm-optzns -fno-threadsafe-statics  -fno-use-cxa-atexit  -fno-threadsafe-statics -fno-use-cxa-atexit -D__CLANG_3_1__ -DAESL_SYN -D__SYNTHESIS__ -D__HLS_SYN__ -I "/work/shared/common/Xilinx/Vivado/2019.2/common/technology/autopilot" -I "/work/shared/common/Xilinx/Vivado/2019.2/common/technology/autopilot/ap_sysc" -include etc/autopilot_ssdm_op.h -D__DSP48E2__  -o "/home/dnd29/3D_redering_DDY/project/out.prj/solution1/.autopilot/db/kernel.pp.0.cpp" 
INFO-FLOW: exec /work/shared/common/Xilinx/Vivado/2019.2/lnx64/tools/clang/bin/clang -fno-limit-debug-info -gcc-toolchain /work/shared/common/Xilinx/Vivado/2019.2/lnx64/tools/gcc -hls -fno-exceptions -D__llvm__ -E kernel.cpp -fno-math-errno -c -emit-llvm -O0 -mllvm -disable-llvm-optzns -fno-threadsafe-statics -fno-use-cxa-atexit -fno-threadsafe-statics -fno-use-cxa-atexit -D__CLANG_3_1__ -DAESL_SYN -D__SYNTHESIS__ -D__HLS_SYN__ -I /work/shared/common/Xilinx/Vivado/2019.2/common/technology/autopilot -I /work/shared/common/Xilinx/Vivado/2019.2/common/technology/autopilot/ap_sysc -include etc/autopilot_ssdm_op.h -D__DSP48E2__ -o /home/dnd29/3D_redering_DDY/project/out.prj/solution1/.autopilot/db/kernel.pp.0.cpp
Command         clang done; 2.17 sec.
Execute         tidy_31 xilinx-xfmat-array-geometry /home/dnd29/3D_redering_DDY/project/out.prj/solution1/.autopilot/db/kernel.pp.0.cpp std=gnu++98 
INFO-FLOW: exec /work/shared/common/Xilinx/Vivado/2019.2/lnx64/tools/clang-3.9-csynth/bin/tidy-3.1 -header-filter=.* -checks=-*,xilinx-xfmat-array-geometry -quiet -fix /home/dnd29/3D_redering_DDY/project/out.prj/solution1/.autopilot/db/kernel.pp.0.cpp -- -std=gnu++98 -fhls -ferror-limit=0
Command         tidy_31 done; 4.86 sec.
INFO-FLOW: Syntax Checking before pre-processing...
Execute         clang -syntaxcheck -src /home/dnd29/3D_redering_DDY/project/out.prj/solution1/.autopilot/db/kernel.pp.0.cpp  -fno-limit-debug-info -gcc-toolchain "/work/shared/common/Xilinx/Vivado/2019.2/lnx64/tools/gcc" -hls    -fno-math-errno -c -emit-llvm -O0  -mllvm -disable-llvm-optzns -fno-threadsafe-statics  -fno-use-cxa-atexit  -fno-threadsafe-statics -fno-use-cxa-atexit -D__CLANG_3_1__ -DAESL_SYN -D__SYNTHESIS__ -D__HLS_SYN__ -I "/work/shared/common/Xilinx/Vivado/2019.2/common/technology/autopilot" -I "/work/shared/common/Xilinx/Vivado/2019.2/common/technology/autopilot/ap_sysc" -include etc/autopilot_ssdm_op.h -D__DSP48E2__  "/home/dnd29/3D_redering_DDY/project/out.prj/solution1/.autopilot/db/kernel.pp.0.cpp"  -o "/home/dnd29/3D_redering_DDY/project/out.prj/solution1/.autopilot/db/useless.bc"  
INFO-FLOW: exec /work/shared/common/Xilinx/Vivado/2019.2/lnx64/tools/clang/bin/clang -fno-limit-debug-info -gcc-toolchain /work/shared/common/Xilinx/Vivado/2019.2/lnx64/tools/gcc -hls -fno-math-errno -c -emit-llvm -O0 -mllvm -disable-llvm-optzns -fno-threadsafe-statics -fno-use-cxa-atexit -fno-threadsafe-statics -fno-use-cxa-atexit -D__CLANG_3_1__ -DAESL_SYN -D__SYNTHESIS__ -D__HLS_SYN__ -I /work/shared/common/Xilinx/Vivado/2019.2/common/technology/autopilot -I /work/shared/common/Xilinx/Vivado/2019.2/common/technology/autopilot/ap_sysc -include etc/autopilot_ssdm_op.h -D__DSP48E2__ /home/dnd29/3D_redering_DDY/project/out.prj/solution1/.autopilot/db/kernel.pp.0.cpp -o /home/dnd29/3D_redering_DDY/project/out.prj/solution1/.autopilot/db/useless.bc
Command         clang done; 4.81 sec.
INFO-FLOW: Done: GCC PP time: 11.8 seconds per iteration
INFO-FLOW: Setting directive 'DATAFLOW' 
Execute         source /work/shared/common/Xilinx/Vivado/2019.2/tps/tcl/tcllib1.11.1/yaml/huddle.tcl 
Execute         source /work/shared/common/Xilinx/Vivado/2019.2/tps/tcl/tcllib1.11.1/yaml/json2huddle.tcl 
Execute           source /work/shared/common/Xilinx/Vivado/2019.2/tps/tcl/tcllib1.11.1/try/try.tcl 
INFO-FLOW: Setting directive 'DATAFLOW' 
Execute         list_core -type functional_unit 
Execute         tidy_31 xilinx-systemc-detector /home/dnd29/3D_redering_DDY/project/out.prj/solution1/.autopilot/db/kernel.pp.0.cpp std=gnu++98 -directive=/home/dnd29/3D_redering_DDY/project/out.prj/solution1/.autopilot/db/.systemc_flag 
INFO-FLOW: exec /work/shared/common/Xilinx/Vivado/2019.2/lnx64/tools/clang-3.9-csynth/bin/tidy-3.1 -header-filter=.* -checks=-*,xilinx-systemc-detector -import-directive=/home/dnd29/3D_redering_DDY/project/out.prj/solution1/.autopilot/db/.systemc_flag -quiet -fix-errors /home/dnd29/3D_redering_DDY/project/out.prj/solution1/.autopilot/db/kernel.pp.0.cpp -- -std=gnu++98 -fhls -ferror-limit=0
Command         tidy_31 done; 4.43 sec.
INFO-FLOW: Running: tidy-3.1 CDT preprocess
Execute         tidy_31 xilinx-directive2pragma /home/dnd29/3D_redering_DDY/project/out.prj/solution1/.autopilot/db/kernel.pp.0.cpp std=gnu++98 -directive=/home/dnd29/3D_redering_DDY/project/out.prj/solution1/.autopilot/db/all.directive.json 
INFO-FLOW: exec /work/shared/common/Xilinx/Vivado/2019.2/lnx64/tools/clang-3.9-csynth/bin/tidy-3.1 -header-filter=.* -checks=-*,xilinx-directive2pragma -import-directive=/home/dnd29/3D_redering_DDY/project/out.prj/solution1/.autopilot/db/all.directive.json -quiet -fix-errors /home/dnd29/3D_redering_DDY/project/out.prj/solution1/.autopilot/db/kernel.pp.0.cpp -- -std=gnu++98 -fhls -ferror-limit=0
Command         tidy_31 done; 4.37 sec.
Execute         get_config_dataflow -strict_mode 
Execute         ap_eval exec -ignorestderr /work/shared/common/Xilinx/Vivado/2019.2/lnx64/tools/clang-3.9-csynth/bin/xilinx-dataflow-lawyer -export-fixes=/home/dnd29/3D_redering_DDY/project/out.prj/solution1/.autopilot/db/xilinx-dataflow-lawyer.kernel.pp.0.cpp.diag.yml /home/dnd29/3D_redering_DDY/project/out.prj/solution1/.autopilot/db/kernel.pp.0.cpp -- -std=gnu++98 -fhls -ferror-limit=0 -fstrict-dataflow > /home/dnd29/3D_redering_DDY/project/out.prj/solution1/.autopilot/db/xilinx-dataflow-lawyer.kernel.pp.0.cpp.out.log 2> /home/dnd29/3D_redering_DDY/project/out.prj/solution1/.autopilot/db/xilinx-dataflow-lawyer.kernel.pp.0.cpp.err.log 
Command         ap_eval done; 5.2 sec.
Execute         tidy_31 -errorcheck xilinx-constantarray-param,xilinx-resource-pragma-transformer,xilinx-xfmat-array-geometry /home/dnd29/3D_redering_DDY/project/out.prj/solution1/.autopilot/db/kernel.pp.0.cpp std=gnu++98 
Execute           ap_eval exec -ignorestderr /work/shared/common/Xilinx/Vivado/2019.2/lnx64/tools/clang-3.9-csynth/bin/tidy-3.1 -export-fixes=/home/dnd29/3D_redering_DDY/project/out.prj/solution1/.autopilot/db/tidy-3.1.kernel.pp.0.cpp.diag.yml -header-filter=.* -checks=-*,xilinx-constantarray-param,xilinx-resource-pragma-transformer,xilinx-xfmat-array-geometry -quiet -fix-errors /home/dnd29/3D_redering_DDY/project/out.prj/solution1/.autopilot/db/kernel.pp.0.cpp -- -std=gnu++98 -fhls -ferror-limit=0 > /home/dnd29/3D_redering_DDY/project/out.prj/solution1/.autopilot/db/tidy-3.1.kernel.pp.0.cpp.out.log 2> /home/dnd29/3D_redering_DDY/project/out.prj/solution1/.autopilot/db/tidy-3.1.kernel.pp.0.cpp.err.log 
Command           ap_eval done; 8.5 sec.
Execute           source /work/shared/common/Xilinx/Vivado/2019.2/tps/tcl/tcllib1.11.1/yaml/yaml.tcl 
Execute             source /work/shared/common/Xilinx/Vivado/2019.2/tps/tcl/tcllib1.11.1/cmdline/cmdline.tcl 
Execute           ap_eval exec -ignorestderr /work/shared/common/Xilinx/Vivado/2019.2/lnx64/tools/clang-3.9-csynth/bin/xilinx-legacy-rewriter /home/dnd29/3D_redering_DDY/project/out.prj/solution1/.autopilot/db/kernel.pp.0.cpp -- -std=gnu++98 -fhls -ferror-limit=0 > /home/dnd29/3D_redering_DDY/project/out.prj/solution1/.autopilot/db/xilinx-legacy-rewriter.kernel.pp.0.cpp.out.log 2> /home/dnd29/3D_redering_DDY/project/out.prj/solution1/.autopilot/db/xilinx-legacy-rewriter.kernel.pp.0.cpp.err.log 
Command           ap_eval done; 3.97 sec.
Command         tidy_31 done; 13.17 sec.
INFO-FLOW: Done: tidy-3.1 CDT preprocess time: 22.7 seconds per iteration
INFO-FLOW: Pragma Handling...
Execute         tidy_31 xilinx-ssdm-intrinsics-arguments /home/dnd29/3D_redering_DDY/project/out.prj/solution1/.autopilot/db/kernel.pragma.1.cpp std=gnu++98 
INFO-FLOW: exec /work/shared/common/Xilinx/Vivado/2019.2/lnx64/tools/clang-3.9-csynth/bin/tidy-3.1 -header-filter=.* -checks=-*,xilinx-ssdm-intrinsics-arguments -quiet -fix-errors /home/dnd29/3D_redering_DDY/project/out.prj/solution1/.autopilot/db/kernel.pragma.1.cpp -- -std=gnu++98 -fhls -ferror-limit=0
Command         tidy_31 done; 7.56 sec.
Execute         ap_part_info -name xcvu9p-fsgd2104-2-i -data info 
INFO-FLOW: Processing labels
Execute         clang -src /home/dnd29/3D_redering_DDY/project/out.prj/solution1/.autopilot/db/kernel.pragma.2.cpp  -fno-limit-debug-info -gcc-toolchain /work/shared/common/Xilinx/Vivado/2019.2/lnx64/tools/gcc -hls -hls-analyze-label -hls-analyze-pragma -fno-exceptions  -D__llvm__  -w  "/home/dnd29/3D_redering_DDY/project/out.prj/solution1/.autopilot/db/kernel.pragma.2.cpp"    -fno-math-errno -c -emit-llvm -O0  -mllvm -disable-llvm-optzns -fno-threadsafe-statics  -fno-use-cxa-atexit -DAESL_SYN -D__SYNTHESIS__ -D__HLS_SYN__ -I "/work/shared/common/Xilinx/Vivado/2019.2/common/technology/autopilot" -I "/work/shared/common/Xilinx/Vivado/2019.2/common/technology/autopilot/ap_sysc" -include etc/autopilot_ssdm_op.h -D__DSP48E2__ -g -o "/home/dnd29/3D_redering_DDY/project/out.prj/solution1/.autopilot/db/kernel.bc" 
INFO-FLOW: exec /work/shared/common/Xilinx/Vivado/2019.2/lnx64/tools/clang/bin/clang -fno-limit-debug-info -gcc-toolchain /work/shared/common/Xilinx/Vivado/2019.2/lnx64/tools/gcc -hls -hls-analyze-label -hls-analyze-pragma -fno-exceptions -D__llvm__ -w /home/dnd29/3D_redering_DDY/project/out.prj/solution1/.autopilot/db/kernel.pragma.2.cpp -fno-math-errno -c -emit-llvm -O0 -mllvm -disable-llvm-optzns -fno-threadsafe-statics -fno-use-cxa-atexit -DAESL_SYN -D__SYNTHESIS__ -D__HLS_SYN__ -I /work/shared/common/Xilinx/Vivado/2019.2/common/technology/autopilot -I /work/shared/common/Xilinx/Vivado/2019.2/common/technology/autopilot/ap_sysc -include etc/autopilot_ssdm_op.h -D__DSP48E2__ -g -o /home/dnd29/3D_redering_DDY/project/out.prj/solution1/.autopilot/db/kernel.bc
Command         clang done; 5.15 sec.
INFO-FLOW: Linking Debug ...
Execute         llvm-ld /home/dnd29/3D_redering_DDY/project/out.prj/solution1/.autopilot/db/kernel.g.bc -hls-opt -except-internalize test -L/work/shared/common/Xilinx/Vivado/2019.2/lnx64/lib -lhlsm -lhlsmc++ -o /home/dnd29/3D_redering_DDY/project/out.prj/solution1/.autopilot/db/a.g 
Command         llvm-ld done; 1.34 sec.
INFO: [HLS 200-111] Finished Linking Time (s): cpu = 00:00:53 ; elapsed = 00:00:58 . Memory (MB): peak = 1057.266 ; gain = 527.164 ; free physical = 112197 ; free virtual = 125172
INFO: [HLS 200-111] Finished Checking Pragmas Time (s): cpu = 00:00:53 ; elapsed = 00:00:58 . Memory (MB): peak = 1057.266 ; gain = 527.164 ; free physical = 112197 ; free virtual = 125172
Execute         get_config_sdx -target 
Execute         opt_and_import_c a -opt_level=2 -skip_syncheck=0 -ng=0 -keep_printf=0 
Execute           cleanup_all_models 
INFO: [HLS 200-10] Starting code transformations ...
Execute           transform -promote-dbg-pointer /home/dnd29/3D_redering_DDY/project/out.prj/solution1/.autopilot/db/a.pp.bc -o /home/dnd29/3D_redering_DDY/project/out.prj/solution1/.autopilot/db/a.pp.0.bc -f 
Command           transform done; 0.14 sec.
Execute           llvm-ld /home/dnd29/3D_redering_DDY/project/out.prj/solution1/.autopilot/db/a.pp.0.bc -disable-opt -L/work/shared/common/Xilinx/Vivado/2019.2/lnx64/lib -lfloatconversion -o /home/dnd29/3D_redering_DDY/project/out.prj/solution1/.autopilot/db/a.g.0 
Command           llvm-ld done; 1.31 sec.
INFO-FLOW: Running Standard Transforms...
Execute           transform -hls -share-std-xform -demangle-name -inline-byval-memcpy -always-inline -promote-dbg-pointer -interface-preproc -mem2reg -scalarrepl -mem2reg -keep-read-access -instcombine -dce -promote-dbg-pointer -bitop-raise -loop-simplify -indvarspre -indvars -loop-simplify -xunroll -constprop -instcombine -simplifycfg -indvars -simplifycfg -dce -globaldce -basicaa -simplifycfg -mem2reg -globalopt -global-constprop -deadargelim -instcombine -simplifycfg -prune-eh -simplifycfg -scalarrepl -instcombine -reassociate -licm -simplifycfg -loop-simplify -indvars -instcombine -simplifycfg -mem2reg -loop-simplify -indvars -instcombine -gvn -gvn -instcombine -adce -break-crit-edges -simplifycfg -loop-delete -global-array-opt -dce -dse -adce -find-syn-modules -top test -deadargelim -mem2reg -instcombine -dce -presyn-prepare -auto-rom-infer -interface-preproc -syn-check -check-rec-only -find-region -simplifycfg -func-extr -function-inline -globaldce -mem2reg -instcombine -dce -gvn -globaldce -adce -adse -constprop -instcombine -bit-constprop -instcombine -dce -simplifycfg -bitop-raise -simplifycfg -dce -loop-delete -reassociate -globalopt -global-privatize -mem2reg -dce -global-constprop -pointer-simplify -constprop -dce -func-inst -deadargelim -auto-shift-reg-idiom -promote-dbg-pointer -norm-name /home/dnd29/3D_redering_DDY/project/out.prj/solution1/.autopilot/db/a.g.0.bc -o /home/dnd29/3D_redering_DDY/project/out.prj/solution1/.autopilot/db/a.g.1.bc -f -phase std-opt 
Command           transform done; 0.28 sec.
INFO: [HLS 200-111] Finished Standard Transforms Time (s): cpu = 00:00:54 ; elapsed = 00:01:00 . Memory (MB): peak = 1058.527 ; gain = 528.426 ; free physical = 112165 ; free virtual = 125144
INFO: [HLS 200-10] Checking synthesizability ...
INFO-FLOW: Checking Synthesizability 1/2..
Execute           transform -hls -syn-check -check-rec-only -disaggr -scalarrepl -norm-name -dce -mem2reg -instcombine -function-uniquify -directive-preproc -mem2reg -dse -dce -auto-rom-infer -dce -pag -array-normalize -instcombine -dce -warn-fifo-pointer -array-seg-normalize -instcombine -dce -array-flatten -instcombine -dce -array-burst -dce -deadargelim -promote-global-argument -simplifycfg -mem2reg -globaldce -dce -deadargelim -dce -instcombine -function-inline -globaldce -dce -doublePtrSimplify -doublePtrElim -dce -doublePtrSimplify -promote-dbg-pointer -dce -scalarrepl -dse -adse -instcombine -ptrLegalization -simplifycfg -dce -instcombine -pointer-simplify -ptrArgReplace -dce -instcombine -resolve-double-ptr -disaggr -scalarrepl -norm-name -dce -mem2reg -instcombine -ptrLegalization -simplifycfg -deadargelim -instcombine -dce -inst-simplify -function-uniquify -directive-preproc -mem2reg -dse -dce -globaldce -check-dspbuiltin /home/dnd29/3D_redering_DDY/project/out.prj/solution1/.autopilot/db/a.g.1.bc -o /home/dnd29/3D_redering_DDY/project/out.prj/solution1/.autopilot/db/a.g.2.prechk.bc -f 
INFO: [XFORM 203-602] Inlining function 'hls::min<ap_int<32> >' into 'test' (kernel.cpp:227) automatically.
Command           transform done; 0.17 sec.
INFO-FLOW: Checking Synthesizability 2/2..
Execute           transform -syn-check /home/dnd29/3D_redering_DDY/project/out.prj/solution1/.autopilot/db/a.g.2.prechk.bc -o /home/dnd29/3D_redering_DDY/project/out.prj/solution1/.autopilot/db/a.g.2.bc -f -phase syn-check 
INFO: [HLS 200-111] Finished Checking Synthesizability Time (s): cpu = 00:00:54 ; elapsed = 00:01:00 . Memory (MB): peak = 1058.527 ; gain = 528.426 ; free physical = 112140 ; free virtual = 125121
INFO-FLOW: Compiler optimizing ...
INFO-FLOW: Share syncheck's 1.bc for syn flow: copy /home/dnd29/3D_redering_DDY/project/out.prj/solution1/.autopilot/db/a.g.1.bc to /home/dnd29/3D_redering_DDY/project/out.prj/solution1/.autopilot/db/a.o.1.bc
INFO-FLOW: Presyn 1...
Execute           transform -hls -tmp /home/dnd29/3D_redering_DDY/project/out.prj/solution1/.autopilot/db -interface-port-rename -type-info -function-uniquify -directive-preproc -mem2reg -dse -dce -disaggr -scalarrepl -norm-name -deadargelim -mem2reg -instcombine -dce -simplifycfg -auto-rom-infer -dce -function-uniquify -resource-proc -clib-intrinsic-prepare -dce -func-buffer -dce -pag -array-normalize -func-legal -instcombine -gvn -constprop -dce -simplifycfg -mem2reg -globaldce -resolve-double-ptr -dce -deadargelim -dce -instcombine -ptrArgReplace -mem2reg -dce -array-seg-normalize -deadargelim -instcombine -dce -pointer-simplify -dce -port-alignment -dce -interface-preproc -data-pack -instcombine -dce -basicaa -aggr-aa -aggrmodref-aa -aggr-aa -gvn -gvn -basicaa -aggr-aa -aggrmodref-aa -aggr-aa -dse -adse -adce -loop-simplify -indvars -instcombine -gvn -loop-simplify -mem2reg -dce -find-region -instcombine -auto-loop-pipeline -inst-simplify -interface-preproc -cfgopt -instcombine -indvars -auto-loop-unroll -loop-simplify -loop-bound -xunroll -constprop -instcombine -simplifycfg -indvars -simplifycfg -dce -globaldce -clean-region -attach-range -gvn -inst-simplify -constprop -simplifycfg -dce -pointer-simplify -dce -globalopt -constprop -dce -array-promote -constprop -dce -ptrArgReplace -mem2reg -simplifycfg -dce -auto-par -instcombine -dce -array-transform-check -array-reshape -instcombine -simplifycfg -dce -ptrArgReplace -deadargelim -mem2reg -instcombine -simplifycfg -dce -indvars -loop-simplify -loop-bound -xunroll -constprop -instcombine -simplifycfg -indvars -simplifycfg -dce -globaldce -basicaa -aggr-aa -aggrmodref-aa -aggr-aa -dse -duplicate-dataflow-processes -globaldce -instcombine -array-partition -instcombine -simplifycfg -dce -ptrArgReplace -global-constprop -deadargelim -mem2reg -func-legal -dce -global-constprop -deadargelim -mem2reg -simplifycfg -dce -merge-param -deadargelim -globalopt -constprop -dce -array-promote -constprop -dce -ptrArgReplace -mem2reg -simplifycfg -dce -mem-intrinsic-preproc -dce -global-internalize -global-privatize -mem2reg -globaldce -promote-global-argument -ptrArgReplace -mem2reg -dce -globalopt -mergereturn -simplify-global-access -mem2reg -dce -pointer-simplify -dce -functionattrs -basicaa -aggr-aa -aggrmodref-aa -aggr-aa -gvn -gvn -basicaa -aggr-aa -aggrmodref-aa -aggr-aa -dse -adse -adce -dce -norm-name -function-inline -complex-op-raise -inst-simplify -globaldce -func-inst -constprop -instcombine -simplifycfg -dce -func-legal -dce -loop-bound -arraycheck -bitwidthmin -on-by-dataflow -loop-delete -instcombine -simplifycfg -globaldce -dce -gvn -deadargelim -dce -loop-simplify -clean-region -simplifycfg -propagate-stable-arguments -loop-stream -instcombine -simplifycfg -dce -globaldce -duplicate-dataflow-processes -stream-intrinsic-preproc -dce -check-ap-stream -loop-simplify -eliminate-keepreads -extract-dataflow-in-loop -loop-simplify -dce -gvn -deadargelim -dse -check-dataflow-syntax -legalize-stream-variable -legalize-global -extract-subproc -dce -dead-channel-elimination -canonicalize-gep -globaldce -dce -gvn -deadargelim -annotate-dataflow-channels -scalar-propagation -deadargelim -globaldce -mem2reg -check-dataflow-channels -function-stream -dce -globaldce -prop-fifo-spec -internal-stream-gen -canonicalize-gep -globaldce -dce -gvn -deadargelim -mergereturn -indvars -loop-simplify -instcombine -array-stream -array-seg-normalize -array-partition -func-legal -instcombine -simplifycfg -dce -bundle-memfifo-ops -deadargelim -function-uniquify -directive-preproc -mem2reg -dse -dce -group-axi-access -licm -simplifycfg -dce -loop-delete -norm-name /home/dnd29/3D_redering_DDY/project/out.prj/solution1/.autopilot/db/a.o.1.bc -o /home/dnd29/3D_redering_DDY/project/out.prj/solution1/.autopilot/db/a.o.1.tmp.bc -f 
INFO: [XFORM 203-502] Unrolling all sub-loops inside loop 'Loop-4' (kernel.cpp:36) in function 'test' for pipelining.
INFO: [HLS 200-489] Unrolling loop 'Loop-4.1' (kernel.cpp:39) in function 'test' completely with a factor of 9.
INFO: [HLS 200-489] Unrolling loop 'Loop-4.2' (kernel.cpp:43) in function 'test' completely with a factor of 500.
INFO: [HLS 200-489] Unrolling loop 'Loop-4.2.1' (kernel.cpp:44) in function 'test' completely with a factor of 4.
INFO: [HLS 200-489] Unrolling loop 'Loop-4.3' (kernel.cpp:49) in function 'test' completely with a factor of 500.
INFO: [HLS 200-489] Unrolling loop 'Loop-4.3.1' (kernel.cpp:50) in function 'test' completely with a factor of 3.
INFO: [HLS 200-489] Unrolling loop 'Loop-4.4' (kernel.cpp:55) in function 'test' completely with a factor of 7.
INFO: [HLS 200-489] Unrolling loop 'Loop-4.5' (kernel.cpp:63) in function 'test' completely with a factor of 7.
WARNING: [XFORM 203-503] Cannot unroll loop 'Loop-4.6' (kernel.cpp:216) in function 'test': cannot completely unroll a loop with a variable trip count.
WARNING: [XFORM 203-503] Cannot unroll loop 'Loop-4.6.1' (kernel.cpp:218) in function 'test': cannot completely unroll a loop with a variable trip count.
WARNING: [XFORM 203-503] Cannot unroll loop 'Loop-4.7' (kernel.cpp:241) in function 'test': cannot completely unroll a loop with a variable trip count.
WARNING: [XFORM 203-503] Cannot unroll loop 'Loop-4.8' (kernel.cpp:262) in function 'test': cannot completely unroll a loop with a variable trip count.
INFO: [XFORM 203-102] Partitioning array 'triangle_3d.V' (kernel.cpp:38) automatically.
INFO: [XFORM 203-102] Partitioning array 'fragment.V' (kernel.cpp:42) in dimension 2 automatically.
INFO: [XFORM 203-102] Partitioning array 'pixels.V' (kernel.cpp:48) in dimension 2 automatically.
INFO: [XFORM 203-102] Partitioning array 'triangle_2d.V' (kernel.cpp:54) automatically.
INFO: [XFORM 203-602] Inlining function 'hls::min<ap_int<32> >' into 'test' (kernel.cpp:227) automatically.
Command           transform done; 4.31 sec.
INFO-FLOW: Presyn 2...
Execute           transform -hls -keep-callgraph -scalarrepl -mem2reg -port-alignment -attach-range -dce -pipe-mux-gen -indvars -loop-bound -inst-simplify -instcombine -dce -merge-array-access -mem2reg -dce -clean-region -mergereturn -if-conv -instcombine -dce -constprop -basicaa -aggr-aa -aggrmodref-aa -aggr-aa -gvn -gvn -basicaa -aggr-aa -aggrmodref-aa -aggr-aa -dse -adse -adce -scalarrepl -mem2reg -global-constprop -deadargelim -deadargelim -instcombine -dce -simplifycfg -ptrArgReplace -mem2reg -function-inline -globaldce -mem2reg -instcombine -dce -expr-balance -instcombine -dce -bitwidthmin -interface-preproc -directive-preproc -inst-rectify -instcombine -dce -functionattrs -constprop -instcombine -bit-constprop -simplify-global-access -globalopt -globaldce -inst-simplify -instcombine -elimdeaddata -dce -loop-delete -simplifycfg -loop-simplify -auto-burst -norm-name /home/dnd29/3D_redering_DDY/project/out.prj/solution1/.autopilot/db/a.o.1.tmp.bc -o /home/dnd29/3D_redering_DDY/project/out.prj/solution1/.autopilot/db/a.o.2.bc -f -phase presyn 
INFO: [XFORM 203-401] Performing if-conversion on hyperblock from (kernel.cpp:36:39) to (kernel.cpp:216:23) in function 'test'... converting 17 basic blocks.
Command           transform done; 3.99 sec.
INFO: [HLS 200-111] Finished Pre-synthesis Time (s): cpu = 00:01:03 ; elapsed = 00:01:08 . Memory (MB): peak = 1121.266 ; gain = 591.164 ; free physical = 112081 ; free virtual = 125067
INFO-FLOW: Building ssdm...
Execute           transform -hls -function-uniquify -auto-function-inline -globaldce -ptrArgReplace -mem2reg -dce -reset-lda -loop-simplify -indvars -licm -loop-dep -loop-bound -licm -loop-simplify -flattenloopnest -array-flatten -gvn -instcombine -dce -array-map -dce -func-legal -gvn -adce -instcombine -cfgopt -simplifycfg -loop-simplify -array-burst -promote-global-argument -dce -ptrLegalization -axi4-lower -array-seg-normalize -basicaa -aggrmodref-aa -globalsmodref-aa -aggr-aa -gvn -gvn -basicaa -aggrmodref-aa -globalsmodref-aa -aggr-aa -dse -adse -adce -licm -inst-simplify -dce -globaldce -instcombine -array-stream -eliminate-keepreads -instcombine -dce -deadargelim -doublePtrSimplify -doublePtrElim -dce -doublePtrSimplify -promote-dbg-pointer -dce -scalarrepl -mem2reg -disaggr -norm-name -mem2reg -instcombine -dse -adse -adce -ptrLegalization -dce -auto-rom-infer -array-flatten -dce -instcombine -check-doubleptr -loop-rot -constprop -cfgopt -simplifycfg -loop-simplify -indvars -pointer-simplify -dce -loop-bound -loop-simplify -loop-preproc -constprop -global-constprop -gvn -mem2reg -instcombine -dce -loop-bound -loop-merge -dce -bitwidthmin -deadargelim -dce -canonicalize-dataflow -dce -scalar-propagation -deadargelim -globaldce -mem2reg -read-loop-dep -interface-preproc -directive-preproc -interface-gen -bram-byte-enable -deadargelim -inst-simplify -dce -gvn -mem2reg -instcombine -dce -adse -loop-bound -instcombine -cfgopt -simplifycfg -loop-simplify -clean-region -io-protocol -find-region -mem2reg -bitop-raise -complex-op-raise -inst-simplify -inst-rectify -instcombine -adce -deadargelim -loop-simplify -phi-opt -bitop-raise -cfgopt -simplifycfg -strip-dead-prototypes -interface-lower -bitop-lower -intrinsic-lower -auto-function-inline -basicaa -aggrmodref-aa -globalsmodref-aa -aggr-aa -inst-simplify -simplifycfg -loop-simplify -mergereturn -inst-simplify -inst-rectify -dce -load-elim -bitop-lower -loop-rewind -pointer-simplify -dce -cfgopt -dce -loop-bound -loop-dep -read-loop-dep -dce -check-stream -norm-name -legalize -validate-dataflow -inst-clarity -bitwidth -dump-loop-dep-to-ir -check-all-ssdm -cdfg-build /home/dnd29/3D_redering_DDY/project/out.prj/solution1/.autopilot/db/a.o.2.bc -o /home/dnd29/3D_redering_DDY/project/out.prj/solution1/.autopilot/db/a.o.3.bc -f -phase build-ssdm 
INFO: [XFORM 203-541] Flattening a loop nest 'Loop-4.1' (kernel.cpp:216:30) in function 'test'.
WARNING: [XFORM 203-542] Cannot flatten a loop nest 'Loop-4' (kernel.cpp:36:23) in function 'test' : 

more than one sub loop.
INFO: [HLS 200-472] Inferring partial write operation for 'triangle_3ds.V' (kernel.cpp:19:54)
INFO: [HLS 200-472] Inferring partial write operation for 'z_buffer.V' (kernel.cpp:27:18)
INFO: [HLS 200-472] Inferring partial write operation for 'frame_buffer.V' (kernel.cpp:32:22)
INFO: [HLS 200-472] Inferring partial write operation for 'fragment[0].V' (kernel.cpp:45:20)
INFO: [HLS 200-472] Inferring partial write operation for 'pixels[0].V' (kernel.cpp:51:18)
INFO: [HLS 200-472] Inferring partial write operation for 'fragment[0].V' (kernel.cpp:228:45)
INFO: [HLS 200-472] Inferring partial write operation for 'fragment[1].V' (kernel.cpp:229:45)
INFO: [HLS 200-472] Inferring partial write operation for 'fragment[2].V' (kernel.cpp:230:22)
INFO: [HLS 200-472] Inferring partial write operation for 'fragment[3].V' (kernel.cpp:231:22)
INFO: [HLS 200-472] Inferring partial write operation for 'pixels[0].V' (kernel.cpp:253:18)
INFO: [HLS 200-472] Inferring partial write operation for 'pixels[1].V' (kernel.cpp:254:18)
INFO: [HLS 200-472] Inferring partial write operation for 'pixels[2].V' (kernel.cpp:255:18)
INFO: [HLS 200-472] Inferring partial write operation for 'z_buffer.V' (kernel.cpp:257:22)
INFO: [HLS 200-472] Inferring partial write operation for 'frame_buffer.V' (kernel.cpp:269:80)
Command           transform done; 22.89 sec.
INFO: [HLS 200-111] Finished Architecture Synthesis Time (s): cpu = 00:01:25 ; elapsed = 00:01:31 . Memory (MB): peak = 1633.266 ; gain = 1103.164 ; free physical = 111565 ; free virtual = 124554
INFO-FLOW: Finish building internal data model.
Command         opt_and_import_c done; 33.27 sec.
Command       elaborate done; 86.85 sec.
Execute       autosyn -from_csynth_design=1 
INFO: [HLS 200-10] Starting hardware synthesis ...
INFO-FLOW: Synthesizing C/C++ design ...
INFO: [HLS 200-10] Synthesizing 'test' ...
Execute         ap_set_top_model test 
Execute         get_model_list test -filter all-wo-channel -topdown 
Execute         preproc_iomode -model test 
Execute         get_model_list test -filter all-wo-channel 
INFO-FLOW: Model list for configure: test
INFO-FLOW: Configuring Module : test ...
Execute         set_default_model test 
Execute         apply_spec_resource_limit test 
INFO-FLOW: Model list for preprocess: test
INFO-FLOW: Preprocessing Module: test ...
Execute         set_default_model test 
Execute         cdfg_preprocess -model test 
Command         cdfg_preprocess done; 6.24 sec.
Execute         rtl_gen_preprocess test 
INFO-FLOW: Model list for synthesis: test
INFO: [HLS 200-10] ----------------------------------------------------------------
INFO: [HLS 200-42] -- Implementing module 'test' 
INFO: [HLS 200-10] ----------------------------------------------------------------
Execute         set_default_model test 
Execute         schedule -model test 
INFO: [SCHED 204-11] Starting scheduling ...
WARNING: [SCHED 204-65] Unable to satisfy pipeline directive: Loop contains subloop(s) not being unrolled or flattened.
INFO: [SCHED 204-61] Pipelining loop 'Loop 4.1'.
INFO: [SCHED 204-61] Pipelining result : Target II = 1, Final II = 1, Depth = 1.
INFO: [SCHED 204-61] Pipelining loop 'Loop 4.2'.
WARNING: [SCHED 204-68] The II Violation in module 'test' (Loop: Loop 4.2): Unable to enforce a carried dependence constraint (II = 1, distance = 1, offset = 1)
   between 'store' operation ('z_buffer_V_addr_1_write_ln257', kernel.cpp:257) of variable 'scalar10.V', kernel.cpp:249 on array 'z_buffer.V', kernel.cpp:24 and 'load' operation ('z_buffer_V_load', kernel.cpp:252) on array 'z_buffer.V', kernel.cpp:24.
INFO: [SCHED 204-61] Pipelining result : Target II = 1, Final II = 2, Depth = 3.
INFO: [SCHED 204-61] Pipelining loop 'Loop 4.3'.
INFO: [SCHED 204-61] Pipelining result : Target II = 1, Final II = 1, Depth = 2.
INFO: [SCHED 204-11] Finished scheduling.
Command         schedule done; 15.58 sec.
INFO: [HLS 200-111]  Elapsed time: 112.88 seconds; current allocated memory: 274.426 MB.
Execute         syn_report -verbosereport -o /home/dnd29/3D_redering_DDY/project/out.prj/solution1/.autopilot/db/test.verbose.sched.rpt 
Command         syn_report done; 7.47 sec.
Execute         db_write -o /home/dnd29/3D_redering_DDY/project/out.prj/solution1/.autopilot/db/test.sched.adb -f 
Command         db_write done; 1.61 sec.
INFO-FLOW: Finish scheduling test.
Execute         set_default_model test 
Execute         bind -model test 
BIND OPTION: model=test
INFO: [BIND 205-100] Starting micro-architecture generation ...
INFO: [BIND 205-101] Performing variable lifetime analysis.
INFO: [BIND 205-101] Exploring resource sharing.
INFO: [BIND 205-101] Binding ...
INFO: [BIND 205-100] Finished micro-architecture generation.
Command         bind done; 17.32 sec.
INFO: [HLS 200-111]  Elapsed time: 26.4 seconds; current allocated memory: 302.221 MB.
Execute         syn_report -verbosereport -o /home/dnd29/3D_redering_DDY/project/out.prj/solution1/.autopilot/db/test.verbose.bind.rpt 
Command         syn_report done; 7.09 sec.
Execute         db_write -o /home/dnd29/3D_redering_DDY/project/out.prj/solution1/.autopilot/db/test.bind.adb -f 
Command         db_write done; 1.74 sec.
INFO-FLOW: Finish binding test.
Execute         get_model_list test -filter all-wo-channel 
INFO-FLOW: Preprocessing for RTLGen ...
Execute         rtl_gen_preprocess test 
INFO-FLOW: Model list for RTL generation: test
INFO: [HLS 200-10] ----------------------------------------------------------------
INFO: [HLS 200-10] -- Generating RTL for module 'test' 
INFO: [HLS 200-10] ----------------------------------------------------------------
Execute         get_config_rtl -module_prefix 
Execute         get_config_rtl -module_auto_prefix 
Execute         create_rtl_model test -vendor xilinx -mg_file /home/dnd29/3D_redering_DDY/project/out.prj/solution1/.autopilot/db/test.compgen.tcl 
INFO: [RTGEN 206-500] Setting interface mode on port 'test/gmem0_V_V' to 'axis' (register, both mode).
INFO: [RTGEN 206-500] Setting interface mode on port 'test/angle_channel_V_V' to 'ap_fifo'.
INFO: [RTGEN 206-500] Setting interface mode on port 'test/gmem2_V_V' to 'axis' (register, both mode).
INFO: [RTGEN 206-500] Setting interface mode on function 'test' to 's_axilite & ap_ctrl_hs'.
INFO: [RTGEN 206-100] Bundling port 'return' to AXI-Lite port control.
INFO: [RTGEN 206-100] Finished creating RTL model for 'test'.
Command         create_rtl_model done; 4.07 sec.
INFO: [HLS 200-111]  Elapsed time: 12.92 seconds; current allocated memory: 325.862 MB.
Execute         source /home/dnd29/3D_redering_DDY/project/out.prj/solution1/.autopilot/db/test.rtl_wrap.cfg.tcl 
Execute         gen_rtl test -istop -style xilinx -tracefl mytrace -tracefmt vcd -traceopt all -f -lang sc -o /home/dnd29/3D_redering_DDY/project/out.prj/solution1/syn/systemc/test -synmodules test 
Execute         gen_rtl test -istop -style xilinx -f -lang vhdl -o /home/dnd29/3D_redering_DDY/project/out.prj/solution1/syn/vhdl/test 
Command         gen_rtl done; 0.35 sec.
Execute         gen_rtl test -istop -style xilinx -f -lang vlog -o /home/dnd29/3D_redering_DDY/project/out.prj/solution1/syn/verilog/test 
Command         gen_rtl done; 0.24 sec.
Execute         syn_report -csynth -model test -o /home/dnd29/3D_redering_DDY/project/out.prj/solution1/syn/report/test_csynth.rpt 
Command         syn_report done; 0.16 sec.
Execute         syn_report -rtlxml -model test -o /home/dnd29/3D_redering_DDY/project/out.prj/solution1/syn/report/test_csynth.xml 
Command         syn_report done; 0.15 sec.
Execute         syn_report -verbosereport -model test -o /home/dnd29/3D_redering_DDY/project/out.prj/solution1/.autopilot/db/test.verbose.rpt 
Command         syn_report done; 7.31 sec.
Execute         db_write -model test -f -o /home/dnd29/3D_redering_DDY/project/out.prj/solution1/.autopilot/db/test.adb 
Command         db_write done; 2.29 sec.
Execute         gen_tb_info test -p /home/dnd29/3D_redering_DDY/project/out.prj/solution1/.autopilot/db -o /home/dnd29/3D_redering_DDY/project/out.prj/solution1/.autopilot/db/test 
Execute         export_constraint_db -f -tool general -o /home/dnd29/3D_redering_DDY/project/out.prj/solution1/.autopilot/db/test.constraint.tcl 
Execute         syn_report -designview -model test -o /home/dnd29/3D_redering_DDY/project/out.prj/solution1/.autopilot/db/test.design.xml 
Command         syn_report done; 0.32 sec.
Execute         get_config_rtl -disable_wave_debug 
Execute         syn_report -wcfg -model test -o /home/dnd29/3D_redering_DDY/project/out.prj/solution1/.autopilot/db/test_dataflow_ana.wcfg 
Execute         syn_report -protoinst -model test -o /home/dnd29/3D_redering_DDY/project/out.prj/solution1/.autopilot/db/test.protoinst 
Execute         get_config_debug -directory 
Execute         sc_get_clocks test 
Execute         get_config_export -vivado_clock 
Execute         sc_get_portdomain test 
INFO-FLOW: Model list for RTL component generation: test
INFO-FLOW: Handling components in module [test] ... 
Execute         source /home/dnd29/3D_redering_DDY/project/out.prj/solution1/.autopilot/db/test.compgen.tcl 
INFO-FLOW: Found component test_frame_buffer_V.
INFO-FLOW: Append model test_frame_buffer_V
INFO-FLOW: Found component test_triangle_3ds_V.
INFO-FLOW: Append model test_triangle_3ds_V
INFO-FLOW: Found component test_z_buffer_V.
INFO-FLOW: Append model test_z_buffer_V
INFO-FLOW: Found component test_fragment_0_V.
INFO-FLOW: Append model test_fragment_0_V
INFO-FLOW: Found component test_fragment_3_V.
INFO-FLOW: Append model test_fragment_3_V
INFO-FLOW: Found component test_pixels_2_V.
INFO-FLOW: Append model test_pixels_2_V
INFO-FLOW: Found component test_control_s_axi.
INFO-FLOW: Append model test_control_s_axi
INFO-FLOW: Found component regslice_core.
INFO-FLOW: Append model regslice_core
INFO-FLOW: Append model test
INFO-FLOW: Generating RTL model list ...
INFO-FLOW: All models in this session: test_frame_buffer_V test_triangle_3ds_V test_z_buffer_V test_fragment_0_V test_fragment_3_V test_pixels_2_V test_control_s_axi regslice_core test
INFO-FLOW: To file: write model test_frame_buffer_V
INFO-FLOW: To file: write model test_triangle_3ds_V
INFO-FLOW: To file: write model test_z_buffer_V
INFO-FLOW: To file: write model test_fragment_0_V
INFO-FLOW: To file: write model test_fragment_3_V
INFO-FLOW: To file: write model test_pixels_2_V
INFO-FLOW: To file: write model test_control_s_axi
INFO-FLOW: To file: write model regslice_core
INFO-FLOW: To file: write model test
INFO-FLOW: Finished generating RTL model list.


INFO-FLOW: RTL Generation done.
INFO-FLOW: CAS Generation done.
INFO-FLOW: CBC Generation done.
Execute         syn_report -model test -printsummary 
INFO: [HLS 200-790] **** Loop Constraint Status: All loop constraints were NOT satisfied.
INFO: [HLS 200-789] **** Estimated Fmax: 118.41 MHz
INFO-FLOW: DBG:CMD: auto_generate_csynth_design
INFO-FLOW: DBG:CMD:     auto_generate --sim-model -phase csynth_design -d /home/dnd29/3D_redering_DDY/project/out.prj/solution1
Execute         source /home/dnd29/3D_redering_DDY/project/out.prj/solution1/.autopilot/db/global.setting.tcl 
INFO-FLOW: DBG:CMD: read_platform_lib /home/dnd29/3D_redering_DDY/project/out.prj/solution1/.autopilot/db/global.setting.tcl
Execute         source /work/shared/common/Xilinx/Vivado/2019.2/common/technology/generic/autopilot/common.gen 
Execute           source /work/shared/common/Xilinx/Vivado/2019.2/common/technology/generic/autopilot/APCoreGen.gen 
Execute         source /work/shared/common/Xilinx/Vivado/2019.2/common/technology/generic/autopilot/op.gen 
Execute         source /work/shared/common/Xilinx/Vivado/2019.2/common/technology/generic/autopilot/op_simcore.gen 
Execute         source /work/shared/common/Xilinx/Vivado/2019.2/common/technology/generic/autopilot/interface.gen 
Execute         source /home/dnd29/3D_redering_DDY/project/out.prj/solution1/.autopilot/db/global.setting.tcl 
Execute         source /work/shared/common/Xilinx/Vivado/2019.2/common/technology/xilinx/virtexuplus/virtexuplus.gen 
Execute           source /work/shared/common/Xilinx/Vivado/2019.2/common/technology/xilinx/common/xilinx.gen 
Execute             source /work/shared/common/Xilinx/Vivado/2019.2/common/technology/xilinx/interface/plb46.gen 
Execute             source /work/shared/common/Xilinx/Vivado/2019.2/common/technology/xilinx/interface/fsl.gen 
Execute             source /work/shared/common/Xilinx/Vivado/2019.2/common/technology/xilinx/interface/axi4.gen 
Execute             source /work/shared/common/Xilinx/Vivado/2019.2/common/technology/xilinx/interface/nativeAXI4.gen 
Execute               source /work/shared/common/Xilinx/Vivado/2019.2/common/technology/xilinx/interface/saxilite.gen 
Execute               source /work/shared/common/Xilinx/Vivado/2019.2/common/technology/xilinx/interface/maxi.gen 
Execute             source /work/shared/common/Xilinx/Vivado/2019.2/common/technology/xilinx/scripts/xilinxcoregen.gen 
Execute             source /work/shared/common/Xilinx/Vivado/2019.2/common/technology/xilinx/interface/XilEDKCoreGen.gen 
Execute             source /work/shared/common/Xilinx/Vivado/2019.2/common/technology/xilinx/ip/dds_compiler.gen 
Execute             source /work/shared/common/Xilinx/Vivado/2019.2/common/technology/xilinx/ip/util.gen 
Execute             source /work/shared/common/Xilinx/Vivado/2019.2/common/technology/xilinx/ip/xfft.gen 
Execute             source /work/shared/common/Xilinx/Vivado/2019.2/common/technology/xilinx/ip/xfir.gen 
Execute             source /work/shared/common/Xilinx/Vivado/2019.2/common/technology/xilinx/common/dsp48.gen 
Command           ap_source done; 0.13 sec.
Command         ap_source done; 0.13 sec.
Execute         source /work/shared/common/Xilinx/Vivado/2019.2/common/technology/xilinx/virtexuplus/virtexuplus_fpv7.gen 
Execute           source /work/shared/common/Xilinx/Vivado/2019.2/common/technology/xilinx/common/xilinx_fp.gen 
INFO-FLOW: DBG:CMD:   using AESL_AUTOCG::g_clock_period=10.000 (was NA)
INFO-FLOW: DBG:CMD:       generate_ip_cores sim=1 export=0 expOnly=0 dstVlogDir=syn/verilog
Execute         source /home/dnd29/3D_redering_DDY/project/out.prj/solution1/.autopilot/db/global.setting.tcl 
Execute         ap_part_info -name xcvu9p-fsgd2104-2-i -data names -quiet 
Execute         ap_part_info -name xcvu9p-fsgd2104-2-i -data info -quiet 
Execute         source /home/dnd29/3D_redering_DDY/project/out.prj/solution1/.autopilot/db/global.setting.tcl 
Execute         source /home/dnd29/3D_redering_DDY/project/out.prj/solution1/.autopilot/db/global.setting.tcl 
Execute         source /home/dnd29/3D_redering_DDY/project/out.prj/solution1/.autopilot/db/test.compgen.tcl 
INFO: [RTMG 210-278] Implementing memory 'test_frame_buffer_V_ram (RAM)' using block RAMs.
Execute           ap_part_info -name xcvu9p-fsgd2104-2-i -data names -quiet 
Execute           ap_part_info -name xcvu9p-fsgd2104-2-i -data info -quiet 
INFO: [RTMG 210-278] Implementing memory 'test_triangle_3ds_V_ram (RAM)' using block RAMs.
Execute           ap_part_info -name xcvu9p-fsgd2104-2-i -data names -quiet 
Execute           ap_part_info -name xcvu9p-fsgd2104-2-i -data info -quiet 
INFO: [RTMG 210-278] Implementing memory 'test_z_buffer_V_ram (RAM)' using block RAMs.
Execute           ap_part_info -name xcvu9p-fsgd2104-2-i -data names -quiet 
Execute           ap_part_info -name xcvu9p-fsgd2104-2-i -data info -quiet 
INFO: [RTMG 210-278] Implementing memory 'test_fragment_0_V_ram (RAM)' using block RAMs.
Execute           ap_part_info -name xcvu9p-fsgd2104-2-i -data names -quiet 
Execute           ap_part_info -name xcvu9p-fsgd2104-2-i -data info -quiet 
INFO: [RTMG 210-278] Implementing memory 'test_fragment_3_V_ram (RAM)' using block RAMs.
Execute           ap_part_info -name xcvu9p-fsgd2104-2-i -data names -quiet 
Execute           ap_part_info -name xcvu9p-fsgd2104-2-i -data info -quiet 
INFO: [RTMG 210-278] Implementing memory 'test_pixels_2_V_ram (RAM)' using block RAMs.
Execute           ap_part_info -name xcvu9p-fsgd2104-2-i -data names -quiet 
Execute           ap_part_info -name xcvu9p-fsgd2104-2-i -data info -quiet 
Execute           source ./control.slave.tcl 
Execute           is_m_axi_addr64 
Command         ap_source done; 0.26 sec.
INFO-FLOW: DBG:CMD:     auto_generate -export -impltomg_flag -rtl both -tool Vivado -pcore_version 1.00.a -phase csynth_design -d /home/dnd29/3D_redering_DDY/project/out.prj/solution1
Execute         source /home/dnd29/3D_redering_DDY/project/out.prj/solution1/.autopilot/db/global.setting.tcl 
INFO-FLOW: DBG:CMD: read_platform_lib /home/dnd29/3D_redering_DDY/project/out.prj/solution1/.autopilot/db/global.setting.tcl
Execute         source /work/shared/common/Xilinx/Vivado/2019.2/common/technology/generic/autopilot/common.gen 
Execute           source /work/shared/common/Xilinx/Vivado/2019.2/common/technology/generic/autopilot/APCoreGen.gen 
Execute         source /work/shared/common/Xilinx/Vivado/2019.2/common/technology/generic/autopilot/op.gen 
Execute         source /work/shared/common/Xilinx/Vivado/2019.2/common/technology/generic/autopilot/op_simcore.gen 
Execute         source /work/shared/common/Xilinx/Vivado/2019.2/common/technology/generic/autopilot/interface.gen 
Execute         source /home/dnd29/3D_redering_DDY/project/out.prj/solution1/.autopilot/db/global.setting.tcl 
Execute         source /work/shared/common/Xilinx/Vivado/2019.2/common/technology/xilinx/virtexuplus/virtexuplus.gen 
Execute           source /work/shared/common/Xilinx/Vivado/2019.2/common/technology/xilinx/common/xilinx.gen 
Execute             source /work/shared/common/Xilinx/Vivado/2019.2/common/technology/xilinx/interface/plb46.gen 
Execute             source /work/shared/common/Xilinx/Vivado/2019.2/common/technology/xilinx/interface/fsl.gen 
Execute             source /work/shared/common/Xilinx/Vivado/2019.2/common/technology/xilinx/interface/axi4.gen 
Execute             source /work/shared/common/Xilinx/Vivado/2019.2/common/technology/xilinx/interface/nativeAXI4.gen 
Execute               source /work/shared/common/Xilinx/Vivado/2019.2/common/technology/xilinx/interface/saxilite.gen 
Execute               source /work/shared/common/Xilinx/Vivado/2019.2/common/technology/xilinx/interface/maxi.gen 
Execute             source /work/shared/common/Xilinx/Vivado/2019.2/common/technology/xilinx/scripts/xilinxcoregen.gen 
Execute             source /work/shared/common/Xilinx/Vivado/2019.2/common/technology/xilinx/interface/XilEDKCoreGen.gen 
Execute             source /work/shared/common/Xilinx/Vivado/2019.2/common/technology/xilinx/ip/dds_compiler.gen 
Execute             source /work/shared/common/Xilinx/Vivado/2019.2/common/technology/xilinx/ip/util.gen 
Execute             source /work/shared/common/Xilinx/Vivado/2019.2/common/technology/xilinx/ip/xfft.gen 
Execute             source /work/shared/common/Xilinx/Vivado/2019.2/common/technology/xilinx/ip/xfir.gen 
Execute             source /work/shared/common/Xilinx/Vivado/2019.2/common/technology/xilinx/common/dsp48.gen 
Command           ap_source done; 0.13 sec.
Command         ap_source done; 0.13 sec.
Execute         source /work/shared/common/Xilinx/Vivado/2019.2/common/technology/xilinx/virtexuplus/virtexuplus_fpv7.gen 
Execute           source /work/shared/common/Xilinx/Vivado/2019.2/common/technology/xilinx/common/xilinx_fp.gen 
INFO-FLOW: DBG:CMD:       initCTypeInfo top_module=test xml_exists=0
Execute         source /home/dnd29/3D_redering_DDY/project/out.prj/solution1/.autopilot/db/test.rtl_wrap.cfg.tcl 
Execute         source /home/dnd29/3D_redering_DDY/project/out.prj/solution1/.autopilot/db/test.rtl_wrap.cfg.tcl 
Execute         source /home/dnd29/3D_redering_DDY/project/out.prj/solution1/.autopilot/db/test.rtl_wrap.cfg.tcl 
Execute         source /home/dnd29/3D_redering_DDY/project/out.prj/solution1/.autopilot/db/test.tbgen.tcl 
Execute         source /home/dnd29/3D_redering_DDY/project/out.prj/solution1/.autopilot/db/test.tbgen.tcl 
INFO-FLOW: DBG:CMD:       export_impl_rtl
INFO-FLOW: DBG:CMD:       generate_ip_cores sim=0 export=0 expOnly=0 dstVlogDir=impl/.verilog
Execute         source /home/dnd29/3D_redering_DDY/project/out.prj/solution1/.autopilot/db/global.setting.tcl 
Execute         source /home/dnd29/3D_redering_DDY/project/out.prj/solution1/.autopilot/db/test.compgen.tcl 
INFO-FLOW: DBG:CMD:       generate_ip_cores sim=0 export=1 expOnly=1 dstVlogDir=impl/.pcores/verilog
Execute         source /home/dnd29/3D_redering_DDY/project/out.prj/solution1/.autopilot/db/global.setting.tcl 
Execute         source /home/dnd29/3D_redering_DDY/project/out.prj/solution1/.autopilot/db/test.compgen.tcl 
Execute           ap_part_info -name xcvu9p-fsgd2104-2-i -data names -quiet 
Execute           ap_part_info -name xcvu9p-fsgd2104-2-i -data info -quiet 
Execute           ap_part_info -name xcvu9p-fsgd2104-2-i -data names -quiet 
Execute           ap_part_info -name xcvu9p-fsgd2104-2-i -data info -quiet 
Execute           ap_part_info -name xcvu9p-fsgd2104-2-i -data names -quiet 
Execute           ap_part_info -name xcvu9p-fsgd2104-2-i -data info -quiet 
Execute           ap_part_info -name xcvu9p-fsgd2104-2-i -data names -quiet 
Execute           ap_part_info -name xcvu9p-fsgd2104-2-i -data info -quiet 
Execute           ap_part_info -name xcvu9p-fsgd2104-2-i -data names -quiet 
Execute           ap_part_info -name xcvu9p-fsgd2104-2-i -data info -quiet 
Execute           ap_part_info -name xcvu9p-fsgd2104-2-i -data names -quiet 
Execute           ap_part_info -name xcvu9p-fsgd2104-2-i -data info -quiet 
Execute           ap_part_info -name xcvu9p-fsgd2104-2-i -data names -quiet 
Execute           ap_part_info -name xcvu9p-fsgd2104-2-i -data info -quiet 
Command         ap_source done; 0.11 sec.
Execute         ap_part_info -name xcvu9p-fsgd2104-2-i -data names -quiet 
Execute         ap_part_info -name xcvu9p-fsgd2104-2-i -data info -quiet 
INFO-FLOW: DBG:CMD:       generate_ip_cores sim=0 export=0 expOnly=0 dstVlogDir=impl/.pcores/verilog_sim
Execute         source /home/dnd29/3D_redering_DDY/project/out.prj/solution1/.autopilot/db/global.setting.tcl 
Execute         source /home/dnd29/3D_redering_DDY/project/out.prj/solution1/.autopilot/db/test.compgen.tcl 
Execute         ap_part_info -name xcvu9p-fsgd2104-2-i -data names -quiet 
Execute         ap_part_info -name xcvu9p-fsgd2104-2-i -data info -quiet 
Execute         ap_part_info -name xcvu9p-fsgd2104-2-i -data names -quiet 
Execute         ap_part_info -name xcvu9p-fsgd2104-2-i -data info -quiet 
Execute         source /home/dnd29/3D_redering_DDY/project/out.prj/solution1/.autopilot/db/global.setting.tcl 
Execute         ap_part_info -name xcvu9p-fsgd2104-2-i -data names -quiet 
Execute         ap_part_info -name xcvu9p-fsgd2104-2-i -data info -quiet 
Execute         source /home/dnd29/3D_redering_DDY/project/out.prj/solution1/.autopilot/db/test.constraint.tcl 
Execute         source /home/dnd29/3D_redering_DDY/project/out.prj/solution1/.autopilot/db/test.tbgen.tcl 
INFO-FLOW: DBG:CMD:       hasPcoreIpAdapter=false #gSsdmPorts=6
INFO-FLOW: DBG:CMD: Skipping loadAnalyze_DB, #g_database=3
INFO-FLOW: DBG:CMD:       generate_json is_phase_csynth=1 g_has_adaptors=false generate_bd_files=1 #modelList=9 #gSsdmPorts=6
Execute         source /work/shared/common/Xilinx/Vivado/2019.2/tps/tcl/tcllib1.11.1/fileutil/fileutil.tcl 
Execute         source /home/dnd29/3D_redering_DDY/project/out.prj/solution1/.autopilot/db/global.setting.tcl 
Execute         source /home/dnd29/3D_redering_DDY/project/out.prj/solution1/.autopilot/db/global.setting.tcl 
Execute         get_config_export -xo 
Execute         source /home/dnd29/3D_redering_DDY/project/out.prj/solution1/.autopilot/db/test.tbgen.tcl 
Execute         source /home/dnd29/3D_redering_DDY/project/out.prj/solution1/.autopilot/db/test.compgen.dataonly.tcl 
Execute         source /home/dnd29/3D_redering_DDY/project/out.prj/solution1/.autopilot/db/test.compgen.dataonly.tcl 
Execute         source /home/dnd29/3D_redering_DDY/project/out.prj/solution1/.autopilot/db/test.tbgen.tcl 
Execute         source /home/dnd29/3D_redering_DDY/project/out.prj/solution1/.autopilot/db/global.setting.tcl 
Execute         get_config_sdx -target 
Execute         source /home/dnd29/3D_redering_DDY/project/out.prj/solution1/.autopilot/db/test.rtl_wrap.cfg.tcl 
Execute         source /home/dnd29/3D_redering_DDY/project/out.prj/solution1/.autopilot/db/test.compgen.dataonly.tcl 
Execute         source /home/dnd29/3D_redering_DDY/project/out.prj/solution1/.autopilot/db/global.setting.tcl 
Execute         ap_part_info -name xcvu9p-fsgd2104-2-i -data names -quiet 
Execute         ap_part_info -name xcvu9p-fsgd2104-2-i -data info -quiet 
Execute         source /home/dnd29/3D_redering_DDY/project/out.prj/solution1/.autopilot/db/test.constraint.tcl 
Execute         sc_get_clocks test 
Execute         ap_part_info -name xcvu9p-fsgd2104-2-i -data names -quiet 
Execute         ap_part_info -name xcvu9p-fsgd2104-2-i -data info -quiet 
Execute         source /home/dnd29/3D_redering_DDY/project/out.prj/solution1/.autopilot/db/global.setting.tcl 
Execute         get_config_debug -directory 
Execute         source /home/dnd29/3D_redering_DDY/project/out.prj/solution1/.autopilot/db/test.tbgen.tcl 
Execute         get_config_sdx -target 
Execute         get_config_sdx -profile 
Execute         get_config_rtl -kernel_profile 
Execute         get_config_rtl -stall_sig_gen 
Execute         get_config_rtl -profile 
INFO-FLOW: DBG:CMD: add_json_sdx_info kernel file does not exist, skipping opencl info: /home/dnd29/3D_redering_DDY/project/out.prj/solution1/.autopilot/db/kernel.internal.xml
INFO-FLOW: DBG:CMD:       delete-temp-dirs (skipped for debug)
INFO: [HLS 200-111] Finished generating all RTL models Time (s): cpu = 00:02:25 ; elapsed = 00:02:46 . Memory (MB): peak = 1633.266 ; gain = 1103.164 ; free physical = 111467 ; free virtual = 124552
INFO: [VHDL 208-304] Generating VHDL RTL for test.
INFO: [VLOG 209-307] Generating Verilog RTL for test.
Command       autosyn done; 75.34 sec.
Command     csynth_design done; 162.21 sec.
Execute     cleanup_all 
Command     cleanup_all done; 0.16 sec.
